2022-09-08 12:29:31 (success) release
2022-09-08 12:29:31 (success) _pypi_release
2022-09-08 12:29:18 (startup) _pypi_release
2022-09-08 12:29:18 (success) _git_default_commit
2022-09-08 12:29:18 (startup) _git_default_commit
2022-09-08 12:29:18 (success) _git_push
2022-09-08 12:29:11 (startup) _git_push
2022-09-08 12:29:11 (success) _build_package
2022-09-08 12:29:08 (startup) _build_package
2022-09-08 12:29:08 (success) _git_tag
2022-09-08 12:29:08 (startup) _git_tag
2022-09-08 12:29:08 (success) _git_default_commit
2022-09-08 12:29:07 (startup) _git_default_commit
2022-09-08 12:29:07 (success) _build_doc
2022-09-08 12:29:06 (startup) _build_doc
2022-09-08 12:29:06 (startup) release
2022-09-08 10:34:35 (success) release
2022-09-08 10:34:35 (success) _pypi_release
2022-09-08 10:34:13 (startup) _pypi_release
2022-09-08 10:34:13 (success) _git_default_commit
2022-09-08 10:34:13 (startup) _git_default_commit
2022-09-08 10:34:13 (success) _git_push
2022-09-08 10:33:54 (startup) _git_push
2022-09-08 10:33:54 (success) _build_package
2022-09-08 10:33:50 (startup) _build_package
2022-09-08 10:33:50 (success) _git_tag
2022-09-08 10:33:49 (startup) _git_tag
2022-09-08 10:33:49 (success) _git_default_commit
2022-09-08 10:33:47 (startup) _git_default_commit
2022-09-08 10:33:47 (success) _build_doc
2022-09-08 10:33:41 (startup) _build_doc
2022-09-08 10:33:41 (startup) release
2022-09-08 00:05:44 (success) release
2022-09-08 00:05:44 (success) _pypi_release
2022-09-08 00:05:25 (startup) _pypi_release
2022-09-08 00:05:25 (success) _git_default_commit
2022-09-08 00:05:25 (startup) _git_default_commit
2022-09-08 00:05:25 (success) _git_push
2022-09-08 00:05:16 (startup) _git_push
2022-09-08 00:05:16 (success) _build_package
2022-09-08 00:05:14 (startup) _build_package
2022-09-08 00:05:14 (success) _git_tag
2022-09-08 00:05:14 (startup) _git_tag
2022-09-08 00:05:14 (success) _git_default_commit
2022-09-08 00:05:12 (startup) _git_default_commit
2022-09-08 00:05:12 (success) _build_doc
2022-09-08 00:05:11 (startup) _build_doc
2022-09-08 00:05:11 (startup) release
